<?xml version="1.0" encoding="UTF-8"?>
<!-- Generated by org.testng.reporters.JUnitXMLReporter -->
<testsuite hostname="DOC-W-SHREYAS" ignored="0" name="Test" tests="8" failures="0" timestamp="25 Mar 2020 17:43:47 GMT" time="467.894" errors="0">
  <testcase name="ashok" time="51.705" classname="testcases.Ashok"/>
  <testcase name="sbi" time="49.075" classname="testcases.Sbi"/>
  <testcase name="cbni" time="52.174" classname="testcases.CbnI"/>
  <testcase name="hccb" time="38.266" classname="testcases.Hccb"/>
  <testcase name="ngsl" time="50.536" classname="testcases.Ngsl"/>
  <testcase name="transafe" time="47.789" classname="testcases.Transafe"/>
  <testcase name="realPage" time="53.907" classname="testcases.RealPage"/>
  <testcase name="investCorp" time="48.779" classname="testcases.InvestCorp"/>
</testsuite> <!-- Test -->
