<?xml version="1.0" encoding="UTF-8"?>
<testng-results skipped="0" failed="0" ignored="0" total="1" passed="1">
  <reporter-output>
    <line>
      <![CDATA[Login Passed]]>
    </line>
    <line>
      <![CDATA[<br> Health Check clickable | HealthCheckPage]]>
    </line>
    <line>
      <![CDATA[<br> City Selection Passed]]>
    </line>
    <line>
      <![CDATA[<br> Sponsor Package able to select]]>
    </line>
    <line>
      <![CDATA[<br> Book Apointment clickable]]>
    </line>
    <line>
      <![CDATA[<br> Time slected and confirmed]]>
    </line>
    <line>
      <![CDATA[<br> Contined to last page]]>
    </line>
  </reporter-output>
  <suite name="Default suite" duration-ms="70224" started-at="2020-03-26T13:35:24Z" finished-at="2020-03-26T13:36:34Z">
    <groups>
    </groups>
    <test name="Default test" duration-ms="70224" started-at="2020-03-26T13:35:24Z" finished-at="2020-03-26T13:36:34Z">
      <class name="testcases.Vistara">
        <test-method status="PASS" signature="browser()[pri:0, instance:testcases.Vistara@7c16905e]" name="browser" is-config="true" duration-ms="12994" started-at="2020-03-26T13:35:24Z" finished-at="2020-03-26T13:35:37Z">
          <reporter-output>
          </reporter-output>
        </test-method> <!-- browser -->
        <test-method status="PASS" signature="vistara()[pri:0, instance:testcases.Vistara@7c16905e]" name="vistara" duration-ms="57209" started-at="2020-03-26T13:35:37Z" finished-at="2020-03-26T13:36:34Z">
          <reporter-output>
            <line>
              <![CDATA[Login Passed]]>
            </line>
            <line>
              <![CDATA[<br> Health Check clickable | HealthCheckPage]]>
            </line>
            <line>
              <![CDATA[<br> City Selection Passed]]>
            </line>
            <line>
              <![CDATA[<br> Sponsor Package able to select]]>
            </line>
            <line>
              <![CDATA[<br> Book Apointment clickable]]>
            </line>
            <line>
              <![CDATA[<br> Time slected and confirmed]]>
            </line>
            <line>
              <![CDATA[<br> Contined to last page]]>
            </line>
          </reporter-output>
        </test-method> <!-- vistara -->
      </class> <!-- testcases.Vistara -->
    </test> <!-- Default test -->
  </suite> <!-- Default suite -->
</testng-results>
